<?xml version="1.0" encoding="UTF-8"?>
<testng-results skipped="0" failed="0" total="1" passed="1">
  <reporter-output>
  </reporter-output>
  <suite name="Default suite" duration-ms="8581" started-at="2018-03-07T07:11:22Z" finished-at="2018-03-07T07:11:31Z">
    <groups>
    </groups>
    <test name="Default test" duration-ms="8581" started-at="2018-03-07T07:11:22Z" finished-at="2018-03-07T07:11:31Z">
      <class name="test.philips.com.testsuite.UploadResult">
        <test-method status="PASS" signature="readConfigProperties()[pri:0, instance:test.philips.com.testsuite.UploadResult@21a06946]" name="readConfigProperties" is-config="true" duration-ms="15" started-at="2018-03-07T12:41:22Z" finished-at="2018-03-07T12:41:22Z">
          <reporter-output>
          </reporter-output>
        </test-method> <!-- readConfigProperties -->
        <test-method status="PASS" signature="beforeTest()[pri:0, instance:test.philips.com.testsuite.UploadResult@21a06946]" name="beforeTest" is-config="true" duration-ms="156" started-at="2018-03-07T12:41:22Z" finished-at="2018-03-07T12:41:22Z">
          <reporter-output>
          </reporter-output>
        </test-method> <!-- beforeTest -->
        <test-method status="PASS" signature="loginTest()[pri:0, instance:test.philips.com.testsuite.UploadResult@21a06946]" name="loginTest" duration-ms="8425" started-at="2018-03-07T12:41:22Z" finished-at="2018-03-07T12:41:31Z">
          <reporter-output>
          </reporter-output>
        </test-method> <!-- loginTest -->
        <test-method status="PASS" signature="afterTest()[pri:0, instance:test.philips.com.testsuite.UploadResult@21a06946]" name="afterTest" is-config="true" duration-ms="0" started-at="2018-03-07T12:41:31Z" finished-at="2018-03-07T12:41:31Z">
          <reporter-output>
          </reporter-output>
        </test-method> <!-- afterTest -->
      </class> <!-- test.philips.com.testsuite.UploadResult -->
    </test> <!-- Default test -->
  </suite> <!-- Default suite -->
</testng-results>
